<?xml version="1.0" encoding="UTF-8"?>
<!-- Generated by org.testng.reporters.JUnitReportReporter -->
<testsuite hostname="edulab3" failures="0" tests="3" name="com.testpages.TestMethod_Googlesearch" time="0.030" errors="0" timestamp="2023-08-25T11:26:05 IST" skipped="1">
  <testcase classname="com.testpages.TestMethod_Googlesearch" name="Verify_searchOption" time="0.030"/>
  <testcase classname="com.testpages.TestMethod_Googlesearch" name="Verify_fb_signup" time="0.000"/>
  <testcase classname="com.testpages.TestMethod_Googlesearch" name="Verify_login">
    <skipped/>
  </testcase> <!-- Verify_login -->
</testsuite> <!-- com.testpages.TestMethod_Googlesearch -->
